ThirdPartShareAndLogin/app/build/intermediates/manifest_merge_blame_file/debug/manifest-merger-blame-debug-report.txt
1<?xml version="1.0" encoding="utf-8"?>
2<manifest xmlns:android="http://schemas.android.com/apk/res/android"
3    package="com.kingdowin.gosu"
4    android:versionCode="1"
5    android:versionName="1.0" >
6
7    <uses-sdk
8        android:minSdkVersion="21"
8-->src/main/AndroidManifest.xml
9        android:targetSdkVersion="26" />
9-->src/main/AndroidManifest.xml
10
11    <uses-permission android:name="android.permission.INTERNET" />
11-->src/main/AndroidManifest.xml:7:5-67
11-->src/main/AndroidManifest.xml:7:22-64
12    <uses-permission android:name="android.permission.WRITE_EXTERNAL_STORAGE" />
12-->src/main/AndroidManifest.xml:8:5-81
12-->src/main/AndroidManifest.xml:8:22-78
13    <uses-permission android:name="android.permission.MOUNT_UNMOUNT_FILESYSTEMS" />
13-->src/main/AndroidManifest.xml:9:5-84
13-->src/main/AndroidManifest.xml:9:22-81
14    <uses-permission android:name="android.permission.ACCESS_NETWORK_STATE" />
14-->src/main/AndroidManifest.xml:10:5-79
14-->src/main/AndroidManifest.xml:10:22-76
15    <uses-permission android:name="android.permission.ACCESS_WIFI_STATE" />
15-->src/main/AndroidManifest.xml:11:5-76
15-->src/main/AndroidManifest.xml:11:22-73
16    <uses-permission android:name="android.permission.CHANGE_CONFIGURATION" />
16-->src/main/AndroidManifest.xml:12:5-79
16-->src/main/AndroidManifest.xml:12:22-76
17    <uses-permission android:name="android.permission.GET_TASKS" />
17-->src/main/AndroidManifest.xml:13:5-68
17-->src/main/AndroidManifest.xml:13:22-65
18    <uses-permission android:name="android.permission.READ_PHONE_STATE" />
18-->src/main/AndroidManifest.xml:14:5-75
18-->src/main/AndroidManifest.xml:14:22-72
19
20    <application
20-->src/main/AndroidManifest.xml:16:5-59:19
21        android:name="com.kingdowin.gosu.application.MyApplication"
21-->src/main/AndroidManifest.xml:17:9-68
22        android:allowBackup="true"
22-->src/main/AndroidManifest.xml:18:9-35
23        android:appComponentFactory="android.support.v4.app.CoreComponentFactory"
23-->[com.android.support:support-compat:28.0.0] AndroidManifest.xml:22:18-91
24        android:debuggable="true"
25        android:icon="@drawable/third_share"
25-->src/main/AndroidManifest.xml:19:9-45
26        android:label="@string/app_name"
26-->src/main/AndroidManifest.xml:21:9-41
27        android:testOnly="true"
28        android:theme="@style/Theme.AppCompat.Light.NoActionBar" >
28-->src/main/AndroidManifest.xml:20:9-65
29        <uses-library
29-->src/main/AndroidManifest.xml:22:9-24:40
30            android:name="org.apache.http.legacy"
30-->src/main/AndroidManifest.xml:23:13-50
31            android:required="false" />
31-->src/main/AndroidManifest.xml:24:13-37
32
33        <activity
33-->src/main/AndroidManifest.xml:25:9-33:20
34            android:name="com.kingdowin.gosu.wxapi.WXEntryActivity"
34-->src/main/AndroidManifest.xml:26:13-68
35            android:label="@string/app_name" >
35-->src/main/AndroidManifest.xml:27:13-45
36            <intent-filter>
36-->src/main/AndroidManifest.xml:28:13-32:29
37                <action android:name="android.intent.action.MAIN" />
37-->src/main/AndroidManifest.xml:29:17-69
37-->src/main/AndroidManifest.xml:29:25-66
38
39                <category android:name="android.intent.category.LAUNCHER" />
39-->src/main/AndroidManifest.xml:31:17-77
39-->src/main/AndroidManifest.xml:31:27-74
40            </intent-filter>
41        </activity>
42        <activity
42-->src/main/AndroidManifest.xml:34:9-47:20
43            android:name="com.tencent.tauth.AuthActivity"
43-->src/main/AndroidManifest.xml:35:13-58
44            android:launchMode="singleTask"
44-->src/main/AndroidManifest.xml:36:13-44
45            android:noHistory="true" >
45-->src/main/AndroidManifest.xml:37:13-37
46            <intent-filter>
46-->src/main/AndroidManifest.xml:38:13-46:29
47                <action android:name="android.intent.action.VIEW" />
47-->src/main/AndroidManifest.xml:39:17-69
47-->src/main/AndroidManifest.xml:39:25-66
48
49                <category android:name="android.intent.category.DEFAULT" />
49-->src/main/AndroidManifest.xml:41:17-76
49-->src/main/AndroidManifest.xml:41:27-73
50                <category android:name="android.intent.category.BROWSABLE" />
50-->src/main/AndroidManifest.xml:42:17-78
50-->src/main/AndroidManifest.xml:42:27-75
51
52                <data android:scheme="tencent222222" />
52-->src/main/AndroidManifest.xml:44:17-56
52-->src/main/AndroidManifest.xml:44:23-53
53                <!-- 100380359 100381104 222222 -->
54            </intent-filter>
55        </activity>
56        <activity
56-->src/main/AndroidManifest.xml:48:9-52:75
57            android:name="com.tencent.connect.common.AssistActivity"
57-->src/main/AndroidManifest.xml:49:13-69
58            android:configChanges="orientation|keyboardHidden"
58-->src/main/AndroidManifest.xml:50:13-63
59            android:screenOrientation="portrait"
59-->src/main/AndroidManifest.xml:51:13-49
60            android:theme="@android:style/Theme.Translucent.NoTitleBar" />
60-->src/main/AndroidManifest.xml:52:13-72
61        <activity
61-->src/main/AndroidManifest.xml:53:9-58:20
62            android:name="com.sina.weibo.sdk.component.WeiboSdkBrowser"
62-->src/main/AndroidManifest.xml:54:13-72
63            android:configChanges="keyboardHidden|orientation"
63-->src/main/AndroidManifest.xml:55:13-63
64            android:exported="false"
64-->src/main/AndroidManifest.xml:56:13-37
65            android:windowSoftInputMode="adjustResize" >
65-->src/main/AndroidManifest.xml:57:13-55
66        </activity>
67    </application>
68
69</manifest>